[debug] [2019-03-14T16:56:35.065Z] ----------------------------------------------------------------------
[debug] [2019-03-14T16:56:35.069Z] Command:       C:\Program Files\nodejs\node.exe C:\Users\karol\AppData\Roaming\npm\node_modules\firebase-tools\lib\bin\firebase.js init
[debug] [2019-03-14T16:56:35.070Z] CLI Version:   6.5.0
[debug] [2019-03-14T16:56:35.070Z] Platform:      win32
[debug] [2019-03-14T16:56:35.070Z] Node Version:  v10.15.1
[debug] [2019-03-14T16:56:35.074Z] Time:          Thu Mar 14 2019 18:56:35 GMT+0200 (Eastern European Standard Time)
[debug] [2019-03-14T16:56:35.074Z] ----------------------------------------------------------------------
[debug] 
[debug] [2019-03-14T16:56:35.112Z] > command requires scopes: ["email","openid","https://www.googleapis.com/auth/cloudplatformprojects.readonly","https://www.googleapis.com/auth/firebase","https://www.googleapis.com/auth/cloud-platform"]
[debug] [2019-03-14T16:56:35.114Z] > authorizing via signed-in user
[info] 
     ######## #### ########  ######## ########     ###     ######  ########
     ##        ##  ##     ## ##       ##     ##  ##   ##  ##       ##
     ######    ##  ########  ######   ########  #########  ######  ######
     ##        ##  ##    ##  ##       ##     ## ##     ##       ## ##
     ##       #### ##     ## ######## ########  ##     ##  ######  ########

You're about to initialize a Firebase project in this directory:

  C:\Users\karol\Documents\GitHub\SensorManagementWeb\SensorManagementWeb\ClientApp

Before we get started, keep in mind:

  * You are initializing in an existing Firebase project directory

[info] 
=== Project Setup
[info] 
[info] First, let's associate this project directory with a Firebase project.
[info] You can create multiple project aliases by running firebase use --add, 
[info] but for now we'll just set up a default project.
[info] 
[debug] [2019-03-14T17:01:05.994Z] > refreshing access token with scopes: ["email","https://www.googleapis.com/auth/cloud-platform","https://www.googleapis.com/auth/cloudplatformprojects.readonly","https://www.googleapis.com/auth/firebase","openid"]
[debug] [2019-03-14T17:01:05.995Z] >>> HTTP REQUEST POST https://www.googleapis.com/oauth2/v3/token  
 <request body omitted>
[debug] [2019-03-14T17:01:06.401Z] <<< HTTP RESPONSE 200
[debug] [2019-03-14T17:01:06.416Z] >>> HTTP REQUEST GET https://firebase.googleapis.com/v1beta1/projects?page_size=100  
 
[debug] [2019-03-14T17:01:07.176Z] <<< HTTP RESPONSE 200
[info] i  Using project sensormanagementproject (SensorManagementProject)
[info] 
=== Hosting Setup
[info] 
[info] Your public directory is the folder (relative to your project directory) that
[info] will contain Hosting assets to be uploaded with firebase deploy. If you
[info] have a build process for your assets, use your build's output directory.
[info] 
